[2024-06-10 14:44:39 +0000] [9121] [INFO] Starting gunicorn 21.2.0
[2024-06-10 14:44:39 +0000] [9121] [INFO] Listening at: http://0.0.0.0:8000 (9121)
[2024-06-10 14:44:39 +0000] [9121] [INFO] Using worker: sync
[2024-06-10 14:44:39 +0000] [9122] [INFO] Booting worker with pid: 9122
[2024-06-10 14:54:01 +0000] [9121] [CRITICAL] WORKER TIMEOUT (pid:9122)
[2024-06-10 14:54:02 +0000] [9121] [ERROR] Worker (pid:9122) was sent SIGKILL! Perhaps out of memory?
[2024-06-10 14:54:02 +0000] [9132] [INFO] Booting worker with pid: 9132
[2024-06-10 14:55:03 +0000] [9121] [CRITICAL] WORKER TIMEOUT (pid:9132)
[2024-06-10 14:55:04 +0000] [9121] [ERROR] Worker (pid:9132) was sent SIGKILL! Perhaps out of memory?
[2024-06-10 14:55:04 +0000] [9135] [INFO] Booting worker with pid: 9135
[2024-06-10 14:55:35 +0000] [9121] [CRITICAL] WORKER TIMEOUT (pid:9135)
[2024-06-10 14:55:36 +0000] [9121] [ERROR] Worker (pid:9135) was sent SIGKILL! Perhaps out of memory?
[2024-06-10 14:55:36 +0000] [9138] [INFO] Booting worker with pid: 9138
[2024-06-10 14:57:29 +0000] [9121] [CRITICAL] WORKER TIMEOUT (pid:9138)
[2024-06-10 14:57:30 +0000] [9121] [ERROR] Worker (pid:9138) was sent SIGKILL! Perhaps out of memory?
[2024-06-10 14:57:30 +0000] [9142] [INFO] Booting worker with pid: 9142
[2024-06-10 14:59:06 +0000] [9121] [CRITICAL] WORKER TIMEOUT (pid:9142)
[2024-06-10 14:59:07 +0000] [9121] [ERROR] Worker (pid:9142) was sent SIGKILL! Perhaps out of memory?
[2024-06-10 14:59:07 +0000] [9145] [INFO] Booting worker with pid: 9145
[2024-06-10 14:59:38 +0000] [9121] [CRITICAL] WORKER TIMEOUT (pid:9145)
[2024-06-10 14:59:39 +0000] [9121] [ERROR] Worker (pid:9145) was sent SIGKILL! Perhaps out of memory?
[2024-06-10 14:59:39 +0000] [9149] [INFO] Booting worker with pid: 9149
[2024-06-10 15:05:26 +0000] [9121] [CRITICAL] WORKER TIMEOUT (pid:9149)
[2024-06-10 15:05:27 +0000] [9121] [ERROR] Worker (pid:9149) was sent SIGKILL! Perhaps out of memory?
[2024-06-10 15:05:27 +0000] [9152] [INFO] Booting worker with pid: 9152
[2024-06-10 15:06:23 +0000] [9121] [CRITICAL] WORKER TIMEOUT (pid:9152)
[2024-06-10 15:06:24 +0000] [9121] [ERROR] Worker (pid:9152) was sent SIGKILL! Perhaps out of memory?
[2024-06-10 15:06:24 +0000] [9155] [INFO] Booting worker with pid: 9155
[2024-06-10 15:12:30 +0000] [9121] [INFO] Handling signal: term
[2024-06-10 20:42:30 +0530] [9155] [INFO] Worker exiting (pid: 9155)
[2024-06-10 15:12:30 +0000] [9121] [INFO] Shutting down: Master
[2024-06-10 15:12:35 +0000] [9243] [INFO] Starting gunicorn 21.2.0
[2024-06-10 15:12:35 +0000] [9243] [INFO] Listening at: http://0.0.0.0:8000 (9243)
[2024-06-10 15:12:35 +0000] [9243] [INFO] Using worker: sync
[2024-06-10 15:12:35 +0000] [9244] [INFO] Booting worker with pid: 9244
[Errno 2] No such file or directory: '/home/ubuntu/CWDB/cwdb_website/staticfiles/css/index/material-dashboard.css?v=3.1.0'
[Errno 2] No such file or directory: '/home/ubuntu/CWDB/cwdb_website/staticfiles/css/index/nucleo-icons.css'
[Errno 2] No such file or directory: '/home/ubuntu/CWDB/cwdb_website/staticfiles/javascript/indexjs/plugins/smooth-scrollbar.min.js'
[Errno 2] No such file or directory: '/home/ubuntu/CWDB/cwdb_website/staticfiles/css/index/material-dashboard.css?v=3.1.0'
[Errno 2] No such file or directory: '/home/ubuntu/CWDB/cwdb_website/staticfiles/css/index/nucleo-icons.css'
[Errno 2] No such file or directory: '/home/ubuntu/CWDB/cwdb_website/staticfiles/javascript/indexjs/plugins/smooth-scrollbar.min.js'
[Errno 2] No such file or directory: '/home/ubuntu/CWDB/cwdb_website/staticfiles/css/index/nucleo-icons.css'
[Errno 2] No such file or directory: '/home/ubuntu/CWDB/cwdb_website/staticfiles/css/index/material-dashboard.css?v=3.1.0'
[Errno 2] No such file or directory: '/home/ubuntu/CWDB/cwdb_website/staticfiles/javascript/indexjs/plugins/smooth-scrollbar.min.js'
[Errno 2] No such file or directory: '/home/ubuntu/CWDB/cwdb_website/staticfiles/css/index/material-dashboard.css?v=3.1.0'
[Errno 2] No such file or directory: '/home/ubuntu/CWDB/cwdb_website/staticfiles/css/index/nucleo-icons.css'
[Errno 2] No such file or directory: '/home/ubuntu/CWDB/cwdb_website/staticfiles/javascript/indexjs/plugins/smooth-scrollbar.min.js'
[Errno 2] No such file or directory: '/home/ubuntu/CWDB/cwdb_website/staticfiles/css/index/nucleo-icons.css'
[Errno 2] No such file or directory: '/home/ubuntu/CWDB/cwdb_website/staticfiles/css/index/material-dashboard.css?v=3.1.0'
[Errno 2] No such file or directory: '/home/ubuntu/CWDB/cwdb_website/staticfiles/javascript/indexjs/plugins/smooth-scrollbar.min.js'
[Errno 2] No such file or directory: '/home/ubuntu/CWDB/cwdb_website/staticfiles/css/index/nucleo-icons.css'
[Errno 2] No such file or directory: '/home/ubuntu/CWDB/cwdb_website/staticfiles/css/index/material-dashboard.css?v=3.1.0'
[Errno 2] No such file or directory: '/home/ubuntu/CWDB/cwdb_website/staticfiles/javascript/indexjs/plugins/smooth-scrollbar.min.js'
[Errno 2] No such file or directory: '/home/ubuntu/CWDB/cwdb_website/staticfiles/css/index/nucleo-icons.css'
[Errno 2] No such file or directory: '/home/ubuntu/CWDB/cwdb_website/staticfiles/css/index/material-dashboard.css?v=3.1.0'
[Errno 2] No such file or directory: '/home/ubuntu/CWDB/cwdb_website/staticfiles/javascript/indexjs/plugins/smooth-scrollbar.min.js'
[Errno 2] No such file or directory: '/home/ubuntu/CWDB/cwdb_website/staticfiles/css/index/nucleo-icons.css'
[Errno 2] No such file or directory: '/home/ubuntu/CWDB/cwdb_website/staticfiles/css/index/material-dashboard.css?v=3.1.0'
[Errno 2] No such file or directory: '/home/ubuntu/CWDB/cwdb_website/staticfiles/javascript/indexjs/plugins/smooth-scrollbar.min.js'
[Errno 2] No such file or directory: '/home/ubuntu/CWDB/cwdb_website/staticfiles/css/index/nucleo-icons.css'
[Errno 2] No such file or directory: '/home/ubuntu/CWDB/cwdb_website/staticfiles/css/index/material-dashboard.css?v=3.1.0'
[Errno 2] No such file or directory: '/home/ubuntu/CWDB/cwdb_website/staticfiles/javascript/indexjs/plugins/smooth-scrollbar.min.js'
[Errno 2] No such file or directory: '/home/ubuntu/CWDB/cwdb_website/staticfiles/css/index/nucleo-icons.css'
[Errno 2] No such file or directory: '/home/ubuntu/CWDB/cwdb_website/staticfiles/css/index/material-dashboard.css?v=3.1.0'
[Errno 2] No such file or directory: '/home/ubuntu/CWDB/cwdb_website/staticfiles/javascript/indexjs/plugins/smooth-scrollbar.min.js'
[Errno 2] No such file or directory: '/home/ubuntu/CWDB/cwdb_website/staticfiles/css/index/nucleo-icons.css'
[Errno 2] No such file or directory: '/home/ubuntu/CWDB/cwdb_website/staticfiles/css/index/material-dashboard.css?v=3.1.0'
[Errno 2] No such file or directory: '/home/ubuntu/CWDB/cwdb_website/staticfiles/javascript/indexjs/plugins/smooth-scrollbar.min.js'
[Errno 2] No such file or directory: '/home/ubuntu/CWDB/cwdb_website/staticfiles/css/index/nucleo-icons.css'
[Errno 2] No such file or directory: '/home/ubuntu/CWDB/cwdb_website/staticfiles/css/index/material-dashboard.css?v=3.1.0'
[Errno 2] No such file or directory: '/home/ubuntu/CWDB/cwdb_website/staticfiles/javascript/indexjs/plugins/smooth-scrollbar.min.js'
[Errno 2] No such file or directory: '/home/ubuntu/CWDB/cwdb_website/staticfiles/css/index/nucleo-icons.css'
[Errno 2] No such file or directory: '/home/ubuntu/CWDB/cwdb_website/staticfiles/css/index/material-dashboard.css?v=3.1.0'
[Errno 2] No such file or directory: '/home/ubuntu/CWDB/cwdb_website/staticfiles/javascript/indexjs/plugins/smooth-scrollbar.min.js'
[Errno 2] No such file or directory: '/home/ubuntu/CWDB/cwdb_website/staticfiles/css/index/nucleo-icons.css'
[Errno 2] No such file or directory: '/home/ubuntu/CWDB/cwdb_website/staticfiles/css/index/material-dashboard.css?v=3.1.0'
[Errno 2] No such file or directory: '/home/ubuntu/CWDB/cwdb_website/staticfiles/javascript/indexjs/plugins/smooth-scrollbar.min.js'
[Errno 2] No such file or directory: '/home/ubuntu/CWDB/cwdb_website/staticfiles/css/index/material-dashboard.css?v=3.1.0'
[Errno 2] No such file or directory: '/home/ubuntu/CWDB/cwdb_website/staticfiles/css/index/nucleo-icons.css'
[Errno 2] No such file or directory: '/home/ubuntu/CWDB/cwdb_website/staticfiles/javascript/indexjs/plugins/smooth-scrollbar.min.js'
[Errno 2] No such file or directory: '/home/ubuntu/CWDB/cwdb_website/staticfiles/css/index/material-dashboard.css?v=3.1.0'
[Errno 2] No such file or directory: '/home/ubuntu/CWDB/cwdb_website/staticfiles/css/index/nucleo-icons.css'
[Errno 2] No such file or directory: '/home/ubuntu/CWDB/cwdb_website/staticfiles/javascript/indexjs/plugins/smooth-scrollbar.min.js'
[Errno 2] No such file or directory: '/home/ubuntu/CWDB/cwdb_website/staticfiles/css/index/nucleo-icons.css'
[Errno 2] No such file or directory: '/home/ubuntu/CWDB/cwdb_website/staticfiles/css/index/material-dashboard.css?v=3.1.0'
[Errno 2] No such file or directory: '/home/ubuntu/CWDB/cwdb_website/staticfiles/javascript/indexjs/plugins/smooth-scrollbar.min.js'
[Errno 2] No such file or directory: '/home/ubuntu/CWDB/cwdb_website/staticfiles/css/index/nucleo-icons.css'
[Errno 2] No such file or directory: '/home/ubuntu/CWDB/cwdb_website/staticfiles/css/index/material-dashboard.css?v=3.1.0'
[Errno 2] No such file or directory: '/home/ubuntu/CWDB/cwdb_website/staticfiles/javascript/indexjs/plugins/smooth-scrollbar.min.js'
[Errno 2] No such file or directory: '/home/ubuntu/CWDB/cwdb_website/staticfiles/css/index/material-dashboard.css?v=3.1.0'
[Errno 2] No such file or directory: '/home/ubuntu/CWDB/cwdb_website/staticfiles/css/index/nucleo-icons.css'
[Errno 2] No such file or directory: '/home/ubuntu/CWDB/cwdb_website/staticfiles/javascript/indexjs/plugins/smooth-scrollbar.min.js'
[Errno 2] No such file or directory: '/home/ubuntu/CWDB/cwdb_website/staticfiles/css/index/nucleo-icons.css'
[Errno 2] No such file or directory: '/home/ubuntu/CWDB/cwdb_website/staticfiles/css/index/material-dashboard.css?v=3.1.0'
[Errno 2] No such file or directory: '/home/ubuntu/CWDB/cwdb_website/staticfiles/javascript/indexjs/plugins/smooth-scrollbar.min.js'
[Errno 2] No such file or directory: '/home/ubuntu/CWDB/cwdb_website/staticfiles/css/index/nucleo-icons.css'
[Errno 2] No such file or directory: '/home/ubuntu/CWDB/cwdb_website/staticfiles/javascript/indexjs/plugins/smooth-scrollbar.min.js'
[Errno 2] No such file or directory: '/home/ubuntu/CWDB/cwdb_website/staticfiles/css/index/material-dashboard.css?v=3.1.0'
[Errno 2] No such file or directory: '/home/ubuntu/CWDB/cwdb_website/staticfiles/css/index/nucleo-icons.css'
[Errno 2] No such file or directory: '/home/ubuntu/CWDB/cwdb_website/staticfiles/css/index/material-dashboard.css?v=3.1.0'
[Errno 2] No such file or directory: '/home/ubuntu/CWDB/cwdb_website/staticfiles/javascript/indexjs/plugins/smooth-scrollbar.min.js'
[Errno 2] No such file or directory: '/home/ubuntu/CWDB/cwdb_website/staticfiles/css/index/nucleo-icons.css'
[2024-06-10 15:22:13 +0000] [9243] [INFO] Handling signal: hup
[2024-06-10 15:22:13 +0000] [9243] [INFO] Hang up: Master
[2024-06-10 15:22:13 +0000] [9243] [ERROR] Worker (pid:9244) was sent SIGHUP!
[2024-06-10 15:22:13 +0000] [9252] [INFO] Booting worker with pid: 9252
[Errno 2] No such file or directory: '/home/ubuntu/CWDB/cwdb_website/staticfiles/css/index/nucleo-icons.css'
[Errno 2] No such file or directory: '/home/ubuntu/CWDB/cwdb_website/staticfiles/javascript/indexjs/plugins/smooth-scrollbar.min.js'
[Errno 2] No such file or directory: '/home/ubuntu/CWDB/cwdb_website/staticfiles/css/index/material-dashboard.css?v=3.1.0'
[Errno 2] No such file or directory: '/home/ubuntu/CWDB/cwdb_website/staticfiles/css/index/nucleo-icons.css'
[Errno 2] No such file or directory: '/home/ubuntu/CWDB/cwdb_website/staticfiles/css/index/material-dashboard.css?v=3.1.0'
[Errno 2] No such file or directory: '/home/ubuntu/CWDB/cwdb_website/staticfiles/javascript/indexjs/plugins/smooth-scrollbar.min.js'
[Errno 2] No such file or directory: '/home/ubuntu/CWDB/cwdb_website/staticfiles/css/index/nucleo-icons.css'
[Errno 2] No such file or directory: '/home/ubuntu/CWDB/cwdb_website/staticfiles/css/index/material-dashboard.css?v=3.1.0'
[Errno 2] No such file or directory: '/home/ubuntu/CWDB/cwdb_website/staticfiles/javascript/indexjs/plugins/smooth-scrollbar.min.js'
[Errno 2] No such file or directory: '/home/ubuntu/CWDB/cwdb_website/staticfiles/css/index/nucleo-icons.css'
[Errno 2] No such file or directory: '/home/ubuntu/CWDB/cwdb_website/staticfiles/css/index/material-dashboard.css?v=3.1.0'
[Errno 2] No such file or directory: '/home/ubuntu/CWDB/cwdb_website/staticfiles/javascript/indexjs/plugins/smooth-scrollbar.min.js'
[Errno 2] No such file or directory: '/home/ubuntu/CWDB/cwdb_website/staticfiles/css/index/nucleo-icons.css'
[Errno 2] No such file or directory: '/home/ubuntu/CWDB/cwdb_website/staticfiles/css/index/material-dashboard.css?v=3.1.0'
[Errno 2] No such file or directory: '/home/ubuntu/CWDB/cwdb_website/staticfiles/javascript/indexjs/plugins/smooth-scrollbar.min.js'
[Errno 2] No such file or directory: '/home/ubuntu/CWDB/cwdb_website/staticfiles/css/index/nucleo-icons.css'
[Errno 2] No such file or directory: '/home/ubuntu/CWDB/cwdb_website/staticfiles/css/index/material-dashboard.css?v=3.1.0'
[Errno 2] No such file or directory: '/home/ubuntu/CWDB/cwdb_website/staticfiles/javascript/indexjs/plugins/smooth-scrollbar.min.js'
[Errno 2] No such file or directory: '/home/ubuntu/CWDB/cwdb_website/staticfiles/css/index/material-dashboard.css?v=3.1.0'
[Errno 2] No such file or directory: '/home/ubuntu/CWDB/cwdb_website/staticfiles/css/index/nucleo-icons.css'
[Errno 2] No such file or directory: '/home/ubuntu/CWDB/cwdb_website/staticfiles/javascript/indexjs/plugins/smooth-scrollbar.min.js'
[Errno 2] No such file or directory: '/home/ubuntu/CWDB/cwdb_website/staticfiles/css/index/nucleo-icons.css'
[Errno 2] No such file or directory: '/home/ubuntu/CWDB/cwdb_website/staticfiles/css/index/material-dashboard.css?v=3.1.0'
[Errno 2] No such file or directory: '/home/ubuntu/CWDB/cwdb_website/staticfiles/javascript/indexjs/plugins/smooth-scrollbar.min.js'
[Errno 2] No such file or directory: '/home/ubuntu/CWDB/cwdb_website/staticfiles/css/index/material-dashboard.css?v=3.1.0'
[Errno 2] No such file or directory: '/home/ubuntu/CWDB/cwdb_website/staticfiles/css/index/nucleo-icons.css'
[Errno 2] No such file or directory: '/home/ubuntu/CWDB/cwdb_website/staticfiles/javascript/indexjs/plugins/smooth-scrollbar.min.js'
[Errno 2] No such file or directory: '/home/ubuntu/CWDB/cwdb_website/staticfiles/javascript/indexjs/plugins/smooth-scrollbar.min.js'
[Errno 2] No such file or directory: '/home/ubuntu/CWDB/cwdb_website/staticfiles/css/index/nucleo-icons.css'
[Errno 2] No such file or directory: '/home/ubuntu/CWDB/cwdb_website/staticfiles/css/index/material-dashboard.css?v=3.1.0'
[Errno 2] No such file or directory: '/home/ubuntu/CWDB/cwdb_website/staticfiles/css/index/nucleo-icons.css'
[Errno 2] No such file or directory: '/home/ubuntu/CWDB/cwdb_website/staticfiles/css/index/material-dashboard.css?v=3.1.0'
[Errno 2] No such file or directory: '/home/ubuntu/CWDB/cwdb_website/staticfiles/javascript/indexjs/plugins/smooth-scrollbar.min.js'
[Errno 2] No such file or directory: '/home/ubuntu/CWDB/cwdb_website/staticfiles/css/index/nucleo-icons.css'
[Errno 2] No such file or directory: '/home/ubuntu/CWDB/cwdb_website/staticfiles/css/index/material-dashboard.css?v=3.1.0'
[Errno 2] No such file or directory: '/home/ubuntu/CWDB/cwdb_website/staticfiles/javascript/indexjs/plugins/smooth-scrollbar.min.js'
[Errno 2] No such file or directory: '/home/ubuntu/CWDB/cwdb_website/staticfiles/css/index/nucleo-icons.css'
[Errno 2] No such file or directory: '/home/ubuntu/CWDB/cwdb_website/staticfiles/css/index/material-dashboard.css?v=3.1.0'
[Errno 2] No such file or directory: '/home/ubuntu/CWDB/cwdb_website/staticfiles/javascript/indexjs/plugins/smooth-scrollbar.min.js'
[Errno 2] No such file or directory: '/home/ubuntu/CWDB/cwdb_website/staticfiles/css/index/nucleo-icons.css'
[Errno 2] No such file or directory: '/home/ubuntu/CWDB/cwdb_website/staticfiles/css/index/material-dashboard.css?v=3.1.0'
[Errno 2] No such file or directory: '/home/ubuntu/CWDB/cwdb_website/staticfiles/javascript/indexjs/plugins/smooth-scrollbar.min.js'
[Errno 2] No such file or directory: '/home/ubuntu/CWDB/cwdb_website/staticfiles/css/index/material-dashboard.css?v=3.1.0'
[Errno 2] No such file or directory: '/home/ubuntu/CWDB/cwdb_website/staticfiles/css/index/nucleo-icons.css'
[Errno 2] No such file or directory: '/home/ubuntu/CWDB/cwdb_website/staticfiles/javascript/indexjs/plugins/smooth-scrollbar.min.js'
[Errno 2] No such file or directory: '/home/ubuntu/CWDB/cwdb_website/staticfiles/css/index/material-dashboard.css?v=3.1.0'
[Errno 2] No such file or directory: '/home/ubuntu/CWDB/cwdb_website/staticfiles/css/index/nucleo-icons.css'
[Errno 2] No such file or directory: '/home/ubuntu/CWDB/cwdb_website/staticfiles/javascript/indexjs/plugins/smooth-scrollbar.min.js'
[Errno 2] No such file or directory: '/home/ubuntu/CWDB/cwdb_website/staticfiles/css/index/nucleo-icons.css'
[Errno 2] No such file or directory: '/home/ubuntu/CWDB/cwdb_website/staticfiles/css/index/material-dashboard.css?v=3.1.0'
[Errno 2] No such file or directory: '/home/ubuntu/CWDB/cwdb_website/staticfiles/javascript/index/js/_site_dashboard_free/assets/js/dashboard-free.js.map'
[Errno 2] No such file or directory: '/home/ubuntu/CWDB/cwdb_website/staticfiles/css/dashboard-free.css.map'
[Errno 2] No such file or directory: '/home/ubuntu/CWDB/cwdb_website/staticfiles/css/index/nucleo-icons.css'
[Errno 2] No such file or directory: '/home/ubuntu/CWDB/cwdb_website/staticfiles/css/index/material-dashboard.css?v=3.1.0'
[Errno 2] No such file or directory: '/home/ubuntu/CWDB/cwdb_website/staticfiles/javascript/indexjs/plugins/smooth-scrollbar.min.js'
[Errno 2] No such file or directory: '/home/ubuntu/CWDB/cwdb_website/staticfiles/css/dashboard-free.css.map'
[Errno 2] No such file or directory: '/home/ubuntu/CWDB/cwdb_website/staticfiles/css/dashboard-free.css.map'
[Errno 2] No such file or directory: '/home/ubuntu/CWDB/cwdb_website/staticfiles/javascript/index/js/_site_dashboard_free/assets/js/dashboard-free.js.map'
[Errno 2] No such file or directory: '/home/ubuntu/CWDB/cwdb_website/staticfiles/css/index/nucleo-icons.css'
[Errno 2] No such file or directory: '/home/ubuntu/CWDB/cwdb_website/staticfiles/css/index/material-dashboard.css?v=3.1.0'
[Errno 2] No such file or directory: '/home/ubuntu/CWDB/cwdb_website/staticfiles/javascript/indexjs/plugins/smooth-scrollbar.min.js'
[Errno 2] No such file or directory: '/home/ubuntu/CWDB/cwdb_website/staticfiles/css/dashboard-free.css.map'
[Errno 2] No such file or directory: '/home/ubuntu/CWDB/cwdb_website/staticfiles/javascript/index/js/_site_dashboard_free/assets/js/dashboard-free.js.map'
[Errno 2] No such file or directory: '/home/ubuntu/CWDB/cwdb_website/staticfiles/css/index/nucleo-icons.css'
[Errno 2] No such file or directory: '/home/ubuntu/CWDB/cwdb_website/staticfiles/css/index/material-dashboard.css?v=3.1.0'
[Errno 2] No such file or directory: '/home/ubuntu/CWDB/cwdb_website/staticfiles/javascript/indexjs/plugins/smooth-scrollbar.min.js'
[Errno 2] No such file or directory: '/home/ubuntu/CWDB/cwdb_website/staticfiles/css/index/nucleo-icons.css'
[Errno 2] No such file or directory: '/home/ubuntu/CWDB/cwdb_website/staticfiles/javascript/indexjs/plugins/smooth-scrollbar.min.js'
[Errno 2] No such file or directory: '/home/ubuntu/CWDB/cwdb_website/staticfiles/css/index/material-dashboard.css?v=3.1.0'
[Errno 2] No such file or directory: '/home/ubuntu/CWDB/cwdb_website/staticfiles/css/index/nucleo-icons.css'
[Errno 2] No such file or directory: '/home/ubuntu/CWDB/cwdb_website/staticfiles/css/index/material-dashboard.css?v=3.1.0'
[Errno 2] No such file or directory: '/home/ubuntu/CWDB/cwdb_website/staticfiles/javascript/indexjs/plugins/smooth-scrollbar.min.js'
[Errno 2] No such file or directory: '/home/ubuntu/CWDB/cwdb_website/staticfiles/css/index/nucleo-icons.css'
[Errno 2] No such file or directory: '/home/ubuntu/CWDB/cwdb_website/staticfiles/css/index/material-dashboard.css?v=3.1.0'
[Errno 2] No such file or directory: '/home/ubuntu/CWDB/cwdb_website/staticfiles/javascript/indexjs/plugins/smooth-scrollbar.min.js'
[Errno 2] No such file or directory: '/home/ubuntu/CWDB/cwdb_website/staticfiles/css/index/nucleo-icons.css'
[Errno 2] No such file or directory: '/home/ubuntu/CWDB/cwdb_website/staticfiles/css/index/material-dashboard.css?v=3.1.0'
[Errno 2] No such file or directory: '/home/ubuntu/CWDB/cwdb_website/staticfiles/javascript/indexjs/plugins/smooth-scrollbar.min.js'
[Errno 2] No such file or directory: '/home/ubuntu/CWDB/cwdb_website/staticfiles/css/index/nucleo-icons.css'
[Errno 2] No such file or directory: '/home/ubuntu/CWDB/cwdb_website/staticfiles/css/index/material-dashboard.css?v=3.1.0'
[Errno 2] No such file or directory: '/home/ubuntu/CWDB/cwdb_website/staticfiles/javascript/indexjs/plugins/smooth-scrollbar.min.js'
[Errno 2] No such file or directory: '/home/ubuntu/CWDB/cwdb_website/staticfiles/css/index/nucleo-icons.css'
[Errno 2] No such file or directory: '/home/ubuntu/CWDB/cwdb_website/staticfiles/css/index/material-dashboard.css?v=3.1.0'
[Errno 2] No such file or directory: '/home/ubuntu/CWDB/cwdb_website/staticfiles/javascript/indexjs/plugins/smooth-scrollbar.min.js'
[Errno 2] No such file or directory: '/home/ubuntu/CWDB/cwdb_website/staticfiles/css/index/nucleo-icons.css'
[Errno 2] No such file or directory: '/home/ubuntu/CWDB/cwdb_website/staticfiles/css/index/material-dashboard.css?v=3.1.0'
[Errno 2] No such file or directory: '/home/ubuntu/CWDB/cwdb_website/staticfiles/javascript/indexjs/plugins/smooth-scrollbar.min.js'
[Errno 2] No such file or directory: '/home/ubuntu/CWDB/cwdb_website/staticfiles/javascript/indexjs/plugins/smooth-scrollbar.min.js'
[Errno 2] No such file or directory: '/home/ubuntu/CWDB/cwdb_website/staticfiles/css/index/material-dashboard.css?v=3.1.0'
[Errno 2] No such file or directory: '/home/ubuntu/CWDB/cwdb_website/staticfiles/css/index/nucleo-icons.css'
[Errno 2] No such file or directory: '/home/ubuntu/CWDB/cwdb_website/staticfiles/css/index/nucleo-icons.css'
[Errno 2] No such file or directory: '/home/ubuntu/CWDB/cwdb_website/staticfiles/css/index/material-dashboard.css?v=3.1.0'
[Errno 2] No such file or directory: '/home/ubuntu/CWDB/cwdb_website/staticfiles/javascript/index/js/_site_dashboard_free/assets/js/dashboard-free.js.map'
[Errno 2] No such file or directory: '/home/ubuntu/CWDB/cwdb_website/staticfiles/css/dashboard-free.css.map'
[Errno 2] No such file or directory: '/home/ubuntu/CWDB/cwdb_website/staticfiles/javascript/indexjs/plugins/smooth-scrollbar.min.js'
[Errno 2] No such file or directory: '/home/ubuntu/CWDB/cwdb_website/staticfiles/css/index/nucleo-icons.css'
[Errno 2] No such file or directory: '/home/ubuntu/CWDB/cwdb_website/staticfiles/css/index/material-dashboard.css?v=3.1.0'
[Errno 2] No such file or directory: '/home/ubuntu/CWDB/cwdb_website/staticfiles/css/dashboard-free.css.map'
[Errno 2] No such file or directory: '/home/ubuntu/CWDB/cwdb_website/staticfiles/css/dashboard-free.css.map'
[Errno 2] No such file or directory: '/home/ubuntu/CWDB/cwdb_website/staticfiles/javascript/index/js/_site_dashboard_free/assets/js/dashboard-free.js.map'
[Errno 2] No such file or directory: '/home/ubuntu/CWDB/cwdb_website/staticfiles/css/index/nucleo-icons.css'
[Errno 2] No such file or directory: '/home/ubuntu/CWDB/cwdb_website/staticfiles/css/index/material-dashboard.css?v=3.1.0'
[Errno 2] No such file or directory: '/home/ubuntu/CWDB/cwdb_website/staticfiles/javascript/indexjs/plugins/smooth-scrollbar.min.js'
[Errno 2] No such file or directory: '/home/ubuntu/CWDB/cwdb_website/staticfiles/css/dashboard-free.css.map'
[Errno 2] No such file or directory: '/home/ubuntu/CWDB/cwdb_website/staticfiles/javascript/index/js/_site_dashboard_free/assets/js/dashboard-free.js.map'
[Errno 2] No such file or directory: '/home/ubuntu/CWDB/cwdb_website/staticfiles/css/index/nucleo-icons.css'
[Errno 2] No such file or directory: '/home/ubuntu/CWDB/cwdb_website/staticfiles/javascript/indexjs/plugins/smooth-scrollbar.min.js'
[Errno 2] No such file or directory: '/home/ubuntu/CWDB/cwdb_website/staticfiles/css/index/material-dashboard.css?v=3.1.0'
[Errno 2] No such file or directory: '/home/ubuntu/CWDB/cwdb_website/staticfiles/css/dashboard-free.css.map'
[Errno 2] No such file or directory: '/home/ubuntu/CWDB/cwdb_website/staticfiles/css/dashboard-free.css.map'
[Errno 2] No such file or directory: '/home/ubuntu/CWDB/cwdb_website/staticfiles/javascript/index/js/_site_dashboard_free/assets/js/dashboard-free.js.map'
[Errno 2] No such file or directory: '/home/ubuntu/CWDB/cwdb_website/staticfiles/css/index/nucleo-icons.css'
[Errno 2] No such file or directory: '/home/ubuntu/CWDB/cwdb_website/staticfiles/css/index/material-dashboard.css?v=3.1.0'
[Errno 2] No such file or directory: '/home/ubuntu/CWDB/cwdb_website/staticfiles/css/dashboard-free.css.map'
[Errno 2] No such file or directory: '/home/ubuntu/CWDB/cwdb_website/staticfiles/javascript/indexjs/plugins/smooth-scrollbar.min.js'
[Errno 2] No such file or directory: '/home/ubuntu/CWDB/cwdb_website/staticfiles/css/dashboard-free.css.map'
[Errno 2] No such file or directory: '/home/ubuntu/CWDB/cwdb_website/staticfiles/javascript/index/js/_site_dashboard_free/assets/js/dashboard-free.js.map'
[Errno 2] No such file or directory: '/home/ubuntu/CWDB/cwdb_website/staticfiles/css/index/nucleo-icons.css'
[Errno 2] No such file or directory: '/home/ubuntu/CWDB/cwdb_website/staticfiles/css/index/material-dashboard.css?v=3.1.0'
[Errno 2] No such file or directory: '/home/ubuntu/CWDB/cwdb_website/staticfiles/javascript/indexjs/plugins/smooth-scrollbar.min.js'
[Errno 2] No such file or directory: '/home/ubuntu/CWDB/cwdb_website/staticfiles/css/dashboard-free.css.map'
[Errno 2] No such file or directory: '/home/ubuntu/CWDB/cwdb_website/staticfiles/javascript/index/js/_site_dashboard_free/assets/js/dashboard-free.js.map'
[Errno 2] No such file or directory: '/home/ubuntu/CWDB/cwdb_website/staticfiles/css/index/material-dashboard.css?v=3.1.0'
[Errno 2] No such file or directory: '/home/ubuntu/CWDB/cwdb_website/staticfiles/css/index/nucleo-icons.css'
[Errno 2] No such file or directory: '/home/ubuntu/CWDB/cwdb_website/staticfiles/javascript/indexjs/plugins/smooth-scrollbar.min.js'
[Errno 2] No such file or directory: '/home/ubuntu/CWDB/cwdb_website/staticfiles/css/dashboard-free.css.map'
[Errno 2] No such file or directory: '/home/ubuntu/CWDB/cwdb_website/staticfiles/css/dashboard-free.css.map'
[Errno 2] No such file or directory: '/home/ubuntu/CWDB/cwdb_website/staticfiles/javascript/index/js/_site_dashboard_free/assets/js/dashboard-free.js.map'
[Errno 2] No such file or directory: '/home/ubuntu/CWDB/cwdb_website/staticfiles/css/index/nucleo-icons.css'
[Errno 2] No such file or directory: '/home/ubuntu/CWDB/cwdb_website/staticfiles/css/index/material-dashboard.css?v=3.1.0'
[Errno 2] No such file or directory: '/home/ubuntu/CWDB/cwdb_website/staticfiles/javascript/indexjs/plugins/smooth-scrollbar.min.js'
[Errno 2] No such file or directory: '/home/ubuntu/CWDB/cwdb_website/staticfiles/css/index/material-dashboard.css?v=3.1.0'
[Errno 2] No such file or directory: '/home/ubuntu/CWDB/cwdb_website/staticfiles/css/index/nucleo-icons.css'
[Errno 2] No such file or directory: '/home/ubuntu/CWDB/cwdb_website/staticfiles/javascript/indexjs/plugins/smooth-scrollbar.min.js'
[Errno 2] No such file or directory: '/home/ubuntu/CWDB/cwdb_website/staticfiles/css/index/material-dashboard.css?v=3.1.0'
[Errno 2] No such file or directory: '/home/ubuntu/CWDB/cwdb_website/staticfiles/css/index/nucleo-icons.css'
[Errno 2] No such file or directory: '/home/ubuntu/CWDB/cwdb_website/staticfiles/javascript/indexjs/plugins/smooth-scrollbar.min.js'
[Errno 2] No such file or directory: '/home/ubuntu/CWDB/cwdb_website/staticfiles/css/index/nucleo-icons.css'
[Errno 2] No such file or directory: '/home/ubuntu/CWDB/cwdb_website/staticfiles/css/index/material-dashboard.css?v=3.1.0'
[Errno 2] No such file or directory: '/home/ubuntu/CWDB/cwdb_website/staticfiles/javascript/indexjs/plugins/smooth-scrollbar.min.js'
[Errno 2] No such file or directory: '/home/ubuntu/CWDB/cwdb_website/staticfiles/css/index/nucleo-icons.css'
[Errno 2] No such file or directory: '/home/ubuntu/CWDB/cwdb_website/staticfiles/css/index/material-dashboard.css?v=3.1.0'
[Errno 2] No such file or directory: '/home/ubuntu/CWDB/cwdb_website/staticfiles/javascript/indexjs/plugins/smooth-scrollbar.min.js'
[Errno 2] No such file or directory: '/home/ubuntu/CWDB/cwdb_website/staticfiles/css/index/material-dashboard.css?v=3.1.0'
[Errno 2] No such file or directory: '/home/ubuntu/CWDB/cwdb_website/staticfiles/css/index/nucleo-icons.css'
[Errno 2] No such file or directory: '/home/ubuntu/CWDB/cwdb_website/staticfiles/javascript/indexjs/plugins/smooth-scrollbar.min.js'
[Errno 2] No such file or directory: '/home/ubuntu/CWDB/cwdb_website/staticfiles/css/index/nucleo-icons.css'
[Errno 2] No such file or directory: '/home/ubuntu/CWDB/cwdb_website/staticfiles/css/index/material-dashboard.css?v=3.1.0'
[Errno 2] No such file or directory: '/home/ubuntu/CWDB/cwdb_website/staticfiles/javascript/indexjs/plugins/smooth-scrollbar.min.js'
[Errno 2] No such file or directory: '/home/ubuntu/CWDB/cwdb_website/staticfiles/css/index/nucleo-icons.css'
[Errno 2] No such file or directory: '/home/ubuntu/CWDB/cwdb_website/staticfiles/css/index/material-dashboard.css?v=3.1.0'
[Errno 2] No such file or directory: '/home/ubuntu/CWDB/cwdb_website/staticfiles/javascript/indexjs/plugins/smooth-scrollbar.min.js'
[Errno 2] No such file or directory: '/home/ubuntu/CWDB/cwdb_website/staticfiles/css/index/nucleo-icons.css'
[Errno 2] No such file or directory: '/home/ubuntu/CWDB/cwdb_website/staticfiles/css/index/material-dashboard.css?v=3.1.0'
[Errno 2] No such file or directory: '/home/ubuntu/CWDB/cwdb_website/staticfiles/javascript/indexjs/plugins/smooth-scrollbar.min.js'
[Errno 2] No such file or directory: '/home/ubuntu/CWDB/cwdb_website/staticfiles/css/index/material-dashboard.css?v=3.1.0'
[Errno 2] No such file or directory: '/home/ubuntu/CWDB/cwdb_website/staticfiles/css/index/nucleo-icons.css'
[Errno 2] No such file or directory: '/home/ubuntu/CWDB/cwdb_website/staticfiles/javascript/indexjs/plugins/smooth-scrollbar.min.js'
[Errno 2] No such file or directory: '/home/ubuntu/CWDB/cwdb_website/staticfiles/css/index/nucleo-icons.css'
[Errno 2] No such file or directory: '/home/ubuntu/CWDB/cwdb_website/staticfiles/css/index/material-dashboard.css?v=3.1.0'
[Errno 2] No such file or directory: '/home/ubuntu/CWDB/cwdb_website/staticfiles/javascript/indexjs/plugins/smooth-scrollbar.min.js'
[Errno 2] No such file or directory: '/home/ubuntu/CWDB/cwdb_website/staticfiles/css/index/nucleo-icons.css'
[Errno 2] No such file or directory: '/home/ubuntu/CWDB/cwdb_website/staticfiles/css/index/material-dashboard.css?v=3.1.0'
[Errno 2] No such file or directory: '/home/ubuntu/CWDB/cwdb_website/staticfiles/javascript/indexjs/plugins/smooth-scrollbar.min.js'
[Errno 2] No such file or directory: '/home/ubuntu/CWDB/cwdb_website/staticfiles/css/index/nucleo-icons.css'
[Errno 2] No such file or directory: '/home/ubuntu/CWDB/cwdb_website/staticfiles/javascript/indexjs/plugins/smooth-scrollbar.min.js'
[Errno 2] No such file or directory: '/home/ubuntu/CWDB/cwdb_website/staticfiles/css/index/material-dashboard.css?v=3.1.0'
[Errno 2] No such file or directory: '/home/ubuntu/CWDB/cwdb_website/staticfiles/css/index/nucleo-icons.css'
[Errno 2] No such file or directory: '/home/ubuntu/CWDB/cwdb_website/staticfiles/css/index/material-dashboard.css?v=3.1.0'
[Errno 2] No such file or directory: '/home/ubuntu/CWDB/cwdb_website/staticfiles/javascript/indexjs/plugins/smooth-scrollbar.min.js'
[Errno 2] No such file or directory: '/home/ubuntu/CWDB/cwdb_website/staticfiles/css/index/nucleo-icons.css'
[Errno 2] No such file or directory: '/home/ubuntu/CWDB/cwdb_website/staticfiles/css/index/material-dashboard.css?v=3.1.0'
[Errno 2] No such file or directory: '/home/ubuntu/CWDB/cwdb_website/staticfiles/javascript/indexjs/plugins/smooth-scrollbar.min.js'
[Errno 2] No such file or directory: '/home/ubuntu/CWDB/cwdb_website/staticfiles/css/index/nucleo-icons.css'
[Errno 2] No such file or directory: '/home/ubuntu/CWDB/cwdb_website/staticfiles/css/index/material-dashboard.css?v=3.1.0'
[Errno 2] No such file or directory: '/home/ubuntu/CWDB/cwdb_website/staticfiles/javascript/indexjs/plugins/smooth-scrollbar.min.js'
[Errno 2] No such file or directory: '/home/ubuntu/CWDB/cwdb_website/staticfiles/javascript/indexjs/plugins/smooth-scrollbar.min.js'
[Errno 2] No such file or directory: '/home/ubuntu/CWDB/cwdb_website/staticfiles/css/index/material-dashboard.css?v=3.1.0'
[Errno 2] No such file or directory: '/home/ubuntu/CWDB/cwdb_website/staticfiles/css/index/nucleo-icons.css'
[Errno 2] No such file or directory: '/home/ubuntu/CWDB/cwdb_website/staticfiles/css/index/material-dashboard.css?v=3.1.0'
[Errno 2] No such file or directory: '/home/ubuntu/CWDB/cwdb_website/staticfiles/css/index/nucleo-icons.css'
[Errno 2] No such file or directory: '/home/ubuntu/CWDB/cwdb_website/staticfiles/javascript/indexjs/plugins/smooth-scrollbar.min.js'
Progress report reminders sent successfully
[Errno 2] No such file or directory: '/home/ubuntu/CWDB/cwdb_website/staticfiles/css/index/nucleo-icons.css'
[Errno 2] No such file or directory: '/home/ubuntu/CWDB/cwdb_website/staticfiles/css/index/material-dashboard.css?v=3.1.0'
[Errno 2] No such file or directory: '/home/ubuntu/CWDB/cwdb_website/staticfiles/javascript/indexjs/plugins/smooth-scrollbar.min.js'
[Errno 2] No such file or directory: '/home/ubuntu/CWDB/cwdb_website/staticfiles/css/index/nucleo-icons.css'
[Errno 2] No such file or directory: '/home/ubuntu/CWDB/cwdb_website/staticfiles/css/index/material-dashboard.css?v=3.1.0'
[Errno 2] No such file or directory: '/home/ubuntu/CWDB/cwdb_website/staticfiles/javascript/indexjs/plugins/smooth-scrollbar.min.js'
[Errno 2] No such file or directory: '/home/ubuntu/CWDB/cwdb_website/staticfiles/css/index/nucleo-icons.css'
[Errno 2] No such file or directory: '/home/ubuntu/CWDB/cwdb_website/staticfiles/javascript/indexjs/plugins/smooth-scrollbar.min.js'
[Errno 2] No such file or directory: '/home/ubuntu/CWDB/cwdb_website/staticfiles/css/index/material-dashboard.css?v=3.1.0'
[Errno 2] No such file or directory: '/home/ubuntu/CWDB/cwdb_website/staticfiles/css/index/nucleo-icons.css'
[Errno 2] No such file or directory: '/home/ubuntu/CWDB/cwdb_website/staticfiles/css/index/material-dashboard.css?v=3.1.0'
[Errno 2] No such file or directory: '/home/ubuntu/CWDB/cwdb_website/staticfiles/javascript/indexjs/plugins/smooth-scrollbar.min.js'
[Errno 2] No such file or directory: '/home/ubuntu/CWDB/cwdb_website/staticfiles/css/index/nucleo-icons.css'
[Errno 2] No such file or directory: '/home/ubuntu/CWDB/cwdb_website/staticfiles/css/index/material-dashboard.css?v=3.1.0'
[Errno 2] No such file or directory: '/home/ubuntu/CWDB/cwdb_website/staticfiles/javascript/indexjs/plugins/smooth-scrollbar.min.js'
Progress report reminders sent successfully
[Errno 2] No such file or directory: '/home/ubuntu/CWDB/cwdb_website/staticfiles/css/index/nucleo-icons.css'
[Errno 2] No such file or directory: '/home/ubuntu/CWDB/cwdb_website/staticfiles/css/index/material-dashboard.css?v=3.1.0'
[Errno 2] No such file or directory: '/home/ubuntu/CWDB/cwdb_website/staticfiles/javascript/indexjs/plugins/smooth-scrollbar.min.js'
[Errno 2] No such file or directory: '/home/ubuntu/CWDB/cwdb_website/staticfiles/css/index/nucleo-icons.css'
[Errno 2] No such file or directory: '/home/ubuntu/CWDB/cwdb_website/staticfiles/css/index/material-dashboard.css?v=3.1.0'
[Errno 2] No such file or directory: '/home/ubuntu/CWDB/cwdb_website/staticfiles/javascript/indexjs/plugins/smooth-scrollbar.min.js'
Progress report reminders sent successfully
[Errno 2] No such file or directory: '/home/ubuntu/CWDB/cwdb_website/staticfiles/css/index/material-dashboard.css?v=3.1.0'
[Errno 2] No such file or directory: '/home/ubuntu/CWDB/cwdb_website/staticfiles/css/index/nucleo-icons.css'
[Errno 2] No such file or directory: '/home/ubuntu/CWDB/cwdb_website/staticfiles/javascript/indexjs/plugins/smooth-scrollbar.min.js'
[Errno 2] No such file or directory: '/home/ubuntu/CWDB/cwdb_website/staticfiles/css/index/nucleo-icons.css'
[Errno 2] No such file or directory: '/home/ubuntu/CWDB/cwdb_website/staticfiles/css/index/material-dashboard.css?v=3.1.0'
[Errno 2] No such file or directory: '/home/ubuntu/CWDB/cwdb_website/staticfiles/javascript/indexjs/plugins/smooth-scrollbar.min.js'
[Errno 2] No such file or directory: '/home/ubuntu/CWDB/cwdb_website/staticfiles/css/index/nucleo-icons.css'
[Errno 2] No such file or directory: '/home/ubuntu/CWDB/cwdb_website/staticfiles/css/index/material-dashboard.css?v=3.1.0'
[Errno 2] No such file or directory: '/home/ubuntu/CWDB/cwdb_website/staticfiles/javascript/indexjs/plugins/smooth-scrollbar.min.js'
Progress report reminders sent successfully
Progress report reminders sent successfully
[Errno 2] No such file or directory: '/home/ubuntu/CWDB/cwdb_website/staticfiles/javascript/indexjs/plugins/smooth-scrollbar.min.js'
Progress report reminders sent successfully
Progress report reminders sent successfully
[2024-06-12 09:17:25 +0000] [9243] [INFO] Handling signal: term
[2024-06-12 14:47:25 +0530] [9252] [INFO] Worker exiting (pid: 9252)
[Errno 2] No such file or directory: '/home/ubuntu/CWDB/cwdb_website/staticfiles/css/index/nucleo-icons.css'
[Errno 2] No such file or directory: '/home/ubuntu/CWDB/cwdb_website/staticfiles/css/index/material-dashboard.css?v=3.1.0'
[Errno 2] No such file or directory: '/home/ubuntu/CWDB/cwdb_website/staticfiles/javascript/indexjs/plugins/smooth-scrollbar.min.js'
[Errno 2] No such file or directory: '/home/ubuntu/CWDB/cwdb_website/staticfiles/css/index/material-dashboard.css?v=3.1.0'
[Errno 2] No such file or directory: '/home/ubuntu/CWDB/cwdb_website/staticfiles/css/index/nucleo-icons.css'
[Errno 2] No such file or directory: '/home/ubuntu/CWDB/cwdb_website/staticfiles/javascript/indexjs/plugins/smooth-scrollbar.min.js'
[Errno 2] No such file or directory: '/home/ubuntu/CWDB/cwdb_website/staticfiles/css/index/nucleo-icons.css'
[Errno 2] No such file or directory: '/home/ubuntu/CWDB/cwdb_website/staticfiles/css/index/material-dashboard.css?v=3.1.0'
[Errno 2] No such file or directory: '/home/ubuntu/CWDB/cwdb_website/staticfiles/javascript/indexjs/plugins/smooth-scrollbar.min.js'
[Errno 2] No such file or directory: '/home/ubuntu/CWDB/cwdb_website/staticfiles/css/index/nucleo-icons.css'
[Errno 2] No such file or directory: '/home/ubuntu/CWDB/cwdb_website/staticfiles/css/index/material-dashboard.css?v=3.1.0'
[Errno 2] No such file or directory: '/home/ubuntu/CWDB/cwdb_website/staticfiles/javascript/indexjs/plugins/smooth-scrollbar.min.js'
[Errno 2] No such file or directory: '/home/ubuntu/CWDB/cwdb_website/staticfiles/css/index/material-dashboard.css?v=3.1.0'
[Errno 2] No such file or directory: '/home/ubuntu/CWDB/cwdb_website/staticfiles/css/index/nucleo-icons.css'
[Errno 2] No such file or directory: '/home/ubuntu/CWDB/cwdb_website/staticfiles/javascript/indexjs/plugins/smooth-scrollbar.min.js'
[Errno 2] No such file or directory: '/home/ubuntu/CWDB/cwdb_website/staticfiles/css/index/nucleo-icons.css'
[Errno 2] No such file or directory: '/home/ubuntu/CWDB/cwdb_website/staticfiles/css/index/material-dashboard.css?v=3.1.0'
[Errno 2] No such file or directory: '/home/ubuntu/CWDB/cwdb_website/staticfiles/javascript/indexjs/plugins/smooth-scrollbar.min.js'
[Errno 2] No such file or directory: '/home/ubuntu/CWDB/cwdb_website/staticfiles/css/index/material-dashboard.css?v=3.1.0'
[Errno 2] No such file or directory: '/home/ubuntu/CWDB/cwdb_website/staticfiles/css/index/nucleo-icons.css'
[Errno 2] No such file or directory: '/home/ubuntu/CWDB/cwdb_website/staticfiles/javascript/indexjs/plugins/smooth-scrollbar.min.js'
[Errno 2] No such file or directory: '/home/ubuntu/CWDB/cwdb_website/staticfiles/css/index/nucleo-icons.css'
[Errno 2] No such file or directory: '/home/ubuntu/CWDB/cwdb_website/staticfiles/css/index/material-dashboard.css?v=3.1.0'
[Errno 2] No such file or directory: '/home/ubuntu/CWDB/cwdb_website/staticfiles/javascript/indexjs/plugins/smooth-scrollbar.min.js'
[Errno 2] No such file or directory: '/home/ubuntu/CWDB/cwdb_website/staticfiles/css/index/nucleo-icons.css'
[Errno 2] No such file or directory: '/home/ubuntu/CWDB/cwdb_website/staticfiles/css/index/material-dashboard.css?v=3.1.0'
[Errno 2] No such file or directory: '/home/ubuntu/CWDB/cwdb_website/staticfiles/javascript/indexjs/plugins/smooth-scrollbar.min.js'
[Errno 2] No such file or directory: '/home/ubuntu/CWDB/cwdb_website/staticfiles/css/index/nucleo-icons.css'
[Errno 2] No such file or directory: '/home/ubuntu/CWDB/cwdb_website/staticfiles/css/index/material-dashboard.css?v=3.1.0'
[Errno 2] No such file or directory: '/home/ubuntu/CWDB/cwdb_website/staticfiles/javascript/indexjs/plugins/smooth-scrollbar.min.js'
[2024-06-12 09:17:25 +0000] [9243] [INFO] Shutting down: Master
[2024-06-12 09:18:14 +0000] [98140] [INFO] Starting gunicorn 21.2.0
[2024-06-12 09:18:14 +0000] [98140] [INFO] Listening at: http://0.0.0.0:8000 (98140)
[2024-06-12 09:18:14 +0000] [98140] [INFO] Using worker: sync
[2024-06-12 09:18:14 +0000] [98141] [INFO] Booting worker with pid: 98141
[2024-06-12 09:50:03 +0000] [98140] [INFO] Handling signal: term
[2024-06-12 15:20:03 +0530] [98141] [INFO] Worker exiting (pid: 98141)
[Errno 2] No such file or directory: '/home/ubuntu/CWDB/cwdb_website/staticfiles/css/index/nucleo-icons.css'
[Errno 2] No such file or directory: '/home/ubuntu/CWDB/cwdb_website/staticfiles/javascript/indexjs/plugins/smooth-scrollbar.min.js'
[Errno 2] No such file or directory: '/home/ubuntu/CWDB/cwdb_website/staticfiles/css/index/material-dashboard.css?v=3.1.0'
[Errno 2] No such file or directory: '/home/ubuntu/CWDB/cwdb_website/staticfiles/css/index/nucleo-icons.css'
[Errno 2] No such file or directory: '/home/ubuntu/CWDB/cwdb_website/staticfiles/css/index/material-dashboard.css?v=3.1.0'
[Errno 2] No such file or directory: '/home/ubuntu/CWDB/cwdb_website/staticfiles/javascript/indexjs/plugins/smooth-scrollbar.min.js'
[Errno 2] No such file or directory: '/home/ubuntu/CWDB/cwdb_website/staticfiles/css/index/material-dashboard.css?v=3.1.0'
[Errno 2] No such file or directory: '/home/ubuntu/CWDB/cwdb_website/staticfiles/css/index/nucleo-icons.css'
[Errno 2] No such file or directory: '/home/ubuntu/CWDB/cwdb_website/staticfiles/javascript/indexjs/plugins/smooth-scrollbar.min.js'
[2024-06-12 09:50:04 +0000] [98140] [INFO] Shutting down: Master
[2024-06-12 09:51:17 +0000] [98426] [INFO] Starting gunicorn 21.2.0
[2024-06-12 09:51:17 +0000] [98426] [INFO] Listening at: http://0.0.0.0:8000 (98426)
[2024-06-12 09:51:17 +0000] [98426] [INFO] Using worker: sync
[2024-06-12 09:51:17 +0000] [98427] [INFO] Booting worker with pid: 98427
